mode: count
fmt/format.go:27.13,28.29 1 1
fmt/format.go:28.29,31.3 2 65
fmt/format.go:54.28,66.2 11 5987
fmt/format.go:68.33,71.2 2 2911
fmt/format.go:74.85,77.11 3 68
fmt/format.go:81.2,82.11 2 68
fmt/format.go:93.2,93.8 1 7
fmt/format.go:77.11,80.3 2 0
fmt/format.go:82.11,83.21 1 61
fmt/format.go:86.3,86.11 1 57
fmt/format.go:83.21,85.4 1 4
fmt/format.go:86.11,88.4 1 41
fmt/format.go:88.5,91.4 1 16
fmt/format.go:97.51,98.12 1 61
fmt/format.go:98.12,100.16 2 62
fmt/format.go:103.3,104.9 2 62
fmt/format.go:100.16,102.4 1 1
fmt/format.go:109.29,110.33 1 2933
fmt/format.go:114.2,115.14 2 56
fmt/format.go:118.2,119.15 2 56
fmt/format.go:110.33,113.3 2 2895
fmt/format.go:115.14,117.3 1 37
fmt/format.go:119.15,121.3 1 13
fmt/format.go:125.35,126.33 1 345
fmt/format.go:130.2,131.14 2 12
fmt/format.go:134.2,135.15 2 12
fmt/format.go:126.33,129.3 2 336
fmt/format.go:131.14,133.3 1 8
fmt/format.go:135.15,137.3 1 3
fmt/format.go:146.35,147.7 1 7
fmt/format.go:147.7,149.3 1 4
fmt/format.go:149.4,151.3 1 3
fmt/format.go:156.77,158.44 1 2692
fmt/format.go:162.2,163.35 2 2696
fmt/format.go:168.2,169.14 2 2702
fmt/format.go:175.2,176.19 2 2708
fmt/format.go:190.2,192.17 3 2714
fmt/format.go:197.2,199.33 3 2720
fmt/format.go:205.2,205.13 1 2726
fmt/format.go:219.2,219.15 1 2732
fmt/format.go:226.2,226.14 1 2738
fmt/format.go:238.2,238.88 1 2744
fmt/format.go:254.2,254.16 1 2750
fmt/format.go:158.44,160.3 1 2
fmt/format.go:163.35,166.3 1 2
fmt/format.go:169.14,171.3 1 13
fmt/format.go:176.19,179.3 2 25
fmt/format.go:179.4,179.60 1 2755
fmt/format.go:179.60,181.36 2 5
fmt/format.go:181.36,183.4 1 2
fmt/format.go:192.17,196.3 3 3948
fmt/format.go:199.33,202.3 2 284
fmt/format.go:205.13,206.15 1 40
fmt/format.go:207.3,208.21 1 8
fmt/format.go:212.3,216.16 4 32
fmt/format.go:208.21,211.5 2 7
fmt/format.go:219.15,224.3 4 13
fmt/format.go:226.14,229.3 2 13
fmt/format.go:229.4,229.19 1 2833
fmt/format.go:229.19,232.3 2 3
fmt/format.go:232.4,232.20 1 2842
fmt/format.go:232.20,235.3 2 2
fmt/format.go:238.88,252.3 12 2
fmt/format.go:258.41,259.57 1 385
fmt/format.go:269.2,269.10 1 386
fmt/format.go:259.57,261.20 2 10
fmt/format.go:261.20,262.14 1 52
fmt/format.go:266.4,266.7 1 42
fmt/format.go:262.14,264.10 2 10
fmt/format.go:273.31,276.2 2 357
fmt/format.go:279.58,281.14 2 17
fmt/format.go:284.2,287.25 3 17
fmt/format.go:302.2,302.12 1 17
fmt/format.go:281.14,283.3 1 7
fmt/format.go:287.25,288.23 1 62
fmt/format.go:291.3,291.14 1 62
fmt/format.go:294.3,295.15 2 62
fmt/format.go:300.3,300.49 1 62
fmt/format.go:288.23,290.4 1 15
fmt/format.go:291.14,293.4 1 24
fmt/format.go:295.15,297.4 1 26
fmt/format.go:297.5,299.4 1 36
fmt/format.go:306.40,308.2 1 7
fmt/format.go:311.47,313.2 1 10
fmt/format.go:316.31,319.40 3 34
fmt/format.go:328.2,328.21 1 34
fmt/format.go:319.40,321.3 1 3
fmt/format.go:321.4,322.13 1 31
fmt/format.go:322.13,324.4 1 2
fmt/format.go:324.5,326.4 1 29
fmt/format.go:333.31,335.12 2 7
fmt/format.go:340.2,340.15 1 7
fmt/format.go:335.12,337.3 1 0
fmt/format.go:337.4,339.3 1 7
fmt/format.go:345.34,346.19 1 278
fmt/format.go:349.2,349.12 1 179
fmt/format.go:346.19,348.3 1 99
fmt/format.go:353.62,360.18 3 284
fmt/format.go:382.2,382.14 1 282
fmt/format.go:361.2,364.51 1 31
fmt/format.go:371.3,371.20 1 29
fmt/format.go:372.2,374.13 1 253
fmt/format.go:364.51,369.4 4 2
fmt/format.go:374.13,376.4 1 38
fmt/format.go:376.5,376.21 1 215
fmt/format.go:376.21,378.4 0 2
fmt/format.go:378.5,380.4 1 213
fmt/format.go:386.34,386.77 1 24
fmt/format.go:389.34,389.77 1 8
fmt/format.go:392.34,392.77 1 77
fmt/format.go:395.34,395.78 1 46
fmt/format.go:398.34,398.78 1 4
fmt/format.go:401.35,401.67 1 3
fmt/format.go:408.34,408.86 1 0
fmt/format.go:411.34,411.86 1 0
fmt/format.go:414.34,414.86 1 1
fmt/format.go:417.34,417.87 1 116
fmt/format.go:420.34,420.87 1 2
fmt/format.go:423.35,423.76 1 3
fmt/format.go:426.47,430.20 4 7
fmt/format.go:451.2,452.27 2 7
fmt/format.go:430.20,431.15 1 14
fmt/format.go:445.3,445.13 1 14
fmt/format.go:448.3,449.14 2 7
fmt/format.go:432.3,433.17 1 2
fmt/format.go:434.3,435.16 1 0
fmt/format.go:436.3,437.16 1 0
fmt/format.go:438.3,439.16 1 0
fmt/format.go:440.3,441.16 1 12
fmt/format.go:442.3,443.16 1 0
fmt/format.go:445.13,446.9 1 7
fmt/format.go:456.49,460.20 4 24
fmt/format.go:481.2,482.27 2 24
fmt/format.go:460.20,461.15 1 48
fmt/format.go:475.3,475.13 1 48
fmt/format.go:478.3,479.14 2 24
fmt/format.go:462.3,463.17 1 2
fmt/format.go:464.3,465.16 1 10
fmt/format.go:466.3,467.16 1 2
fmt/format.go:468.3,469.16 1 10
fmt/format.go:470.3,471.16 1 24
fmt/format.go:472.3,473.16 1 0
fmt/format.go:475.13,476.9 1 24
fmt/print.go:78.53,81.2 2 3900
fmt/print.go:83.59,86.2 2 3735
fmt/print.go:88.42,91.2 2 284
fmt/print.go:93.43,94.23 1 6423
fmt/print.go:99.2,101.29 3 1
fmt/print.go:104.2,106.12 3 1
fmt/print.go:94.23,97.3 2 6422
fmt/print.go:101.29,103.3 1 0
fmt/print.go:136.36,138.33 2 4330
fmt/print.go:141.2,141.15 1 4331
fmt/print.go:138.33,140.3 1 4332
fmt/print.go:144.35,147.12 3 4333
fmt/print.go:151.2,154.10 4 4331
fmt/print.go:147.12,150.3 2 3
fmt/print.go:157.44,159.2 1 2
fmt/print.go:161.42,161.60 1 2
fmt/print.go:164.23,170.2 5 3067
fmt/print.go:173.21,175.23 1 3068
fmt/print.go:178.2,181.15 4 3069
fmt/print.go:175.23,177.3 1 0
fmt/print.go:184.41,184.79 1 12
fmt/print.go:186.46,186.86 1 12
fmt/print.go:188.31,189.11 1 1536
fmt/print.go:201.2,201.14 1 1476
fmt/print.go:190.2,191.21 1 12
fmt/print.go:192.2,193.20 1 12
fmt/print.go:194.2,195.21 1 12
fmt/print.go:196.2,197.21 1 12
fmt/print.go:198.2,199.20 1 12
fmt/print.go:204.26,206.2 1 134
fmt/print.go:210.51,212.2 1 18
fmt/print.go:218.79,224.2 5 1983
fmt/print.go:228.65,230.2 1 0
fmt/print.go:233.54,239.2 5 1090
fmt/print.go:243.52,245.2 1 0
fmt/print.go:252.63,258.2 5 0
fmt/print.go:263.49,265.2 1 0
fmt/print.go:269.38,275.2 5 6
fmt/print.go:284.65,290.2 5 1
fmt/print.go:295.51,297.2 1 1
fmt/print.go:301.40,307.2 5 2
fmt/print.go:312.53,314.53 2 31
fmt/print.go:317.2,317.12 1 31
fmt/print.go:314.53,316.3 1 0
fmt/print.go:321.73,322.18 1 5456
fmt/print.go:325.2,325.75 1 4536
fmt/print.go:329.2,329.8 1 4543
fmt/print.go:322.18,324.3 1 927
fmt/print.go:325.75,328.3 2 282
fmt/print.go:332.41,333.14 1 0
fmt/print.go:337.2,339.22 3 0
fmt/print.go:333.14,336.3 2 0
fmt/print.go:342.33,348.9 6 16
fmt/print.go:360.2,361.20 2 16
fmt/print.go:349.2,352.42 3 12
fmt/print.go:353.2,356.46 3 0
fmt/print.go:357.2,358.29 1 4
fmt/print.go:364.41,365.14 1 8
fmt/print.go:366.2,367.23 1 7
fmt/print.go:368.2,369.18 1 1
fmt/print.go:374.28,376.19 2 13
fmt/print.go:379.2,380.27 2 13
fmt/print.go:376.19,378.3 1 0
fmt/print.go:383.43,384.14 1 2649
fmt/print.go:385.2,386.39 1 4
fmt/print.go:387.2,388.12 1 13
fmt/print.go:389.2,390.40 1 1983
fmt/print.go:391.2,392.39 1 10
fmt/print.go:393.2,394.34 1 8
fmt/print.go:399.2,400.40 1 616
fmt/print.go:401.2,402.18 1 12
fmt/print.go:403.2,404.40 1 4
fmt/print.go:405.2,406.18 1 2
fmt/print.go:394.34,396.4 1 7
fmt/print.go:396.5,398.4 1 1
fmt/print.go:412.48,417.2 4 26
fmt/print.go:421.34,426.18 5 13
fmt/print.go:431.2,438.21 8 13
fmt/print.go:426.18,430.3 2 10
fmt/print.go:441.60,442.14 1 1177
fmt/print.go:443.2,444.48 1 1
fmt/print.go:445.2,446.19 1 0
fmt/print.go:447.2,448.49 1 1136
fmt/print.go:449.2,450.15 1 42
fmt/print.go:455.2,456.48 1 5
fmt/print.go:457.2,458.34 1 1
fmt/print.go:463.2,464.49 1 3
fmt/print.go:465.2,466.49 1 3
fmt/print.go:467.2,468.25 1 1
fmt/print.go:469.2,470.18 1 0
fmt/print.go:450.15,452.4 1 12
fmt/print.go:452.5,454.4 1 30
fmt/print.go:458.34,460.4 1 0
fmt/print.go:460.5,462.4 1 1
fmt/print.go:474.47,475.14 1 108
fmt/print.go:476.2,477.20 1 1
fmt/print.go:478.2,479.19 1 0
fmt/print.go:480.2,481.19 1 0
fmt/print.go:482.2,483.19 1 1
fmt/print.go:484.2,485.19 1 104
fmt/print.go:486.2,487.19 1 2
fmt/print.go:488.2,489.18 1 0
fmt/print.go:493.47,494.14 1 114
fmt/print.go:495.2,496.20 1 1
fmt/print.go:497.2,498.19 1 14
fmt/print.go:499.2,500.19 1 6
fmt/print.go:501.2,502.19 1 67
fmt/print.go:503.2,504.19 1 22
fmt/print.go:505.2,506.19 1 4
fmt/print.go:507.2,508.18 1 0
fmt/print.go:512.51,513.14 1 7
fmt/print.go:514.2,515.25 1 2
fmt/print.go:516.2,517.24 1 5
fmt/print.go:518.2,519.18 1 0
fmt/print.go:523.53,524.14 1 24
fmt/print.go:525.2,526.26 1 18
fmt/print.go:527.2,528.25 1 6
fmt/print.go:529.2,530.18 1 0
fmt/print.go:534.60,535.14 1 586
fmt/print.go:536.2,537.15 1 57
fmt/print.go:542.2,543.17 1 499
fmt/print.go:544.2,545.27 1 6
fmt/print.go:546.2,547.27 1 1
fmt/print.go:548.2,549.17 1 22
fmt/print.go:550.2,551.18 1 3
fmt/print.go:537.15,539.4 1 8
fmt/print.go:539.5,541.4 1 49
fmt/print.go:555.88,556.32 1 25
fmt/print.go:584.2,584.14 1 17
fmt/print.go:556.32,557.15 1 8
fmt/print.go:567.3,567.23 1 8
fmt/print.go:577.3,577.15 1 8
fmt/print.go:582.3,582.9 1 8
fmt/print.go:557.15,558.18 1 2
fmt/print.go:558.18,560.5 1 0
fmt/print.go:560.6,563.5 2 2
fmt/print.go:564.5,566.4 1 6
fmt/print.go:567.23,568.13 1 36
fmt/print.go:575.4,575.53 1 36
fmt/print.go:568.13,569.17 1 28
fmt/print.go:569.17,571.6 1 8
fmt/print.go:571.7,573.6 1 20
fmt/print.go:577.15,579.4 1 2
fmt/print.go:579.5,581.4 1 6
fmt/print.go:585.2,586.25 1 3
fmt/print.go:587.2,588.27 1 6
fmt/print.go:589.2,590.27 1 4
fmt/print.go:591.2,592.25 1 4
fmt/print.go:593.2,594.18 1 0
fmt/print.go:598.72,600.14 2 24
fmt/print.go:611.2,612.22 2 21
fmt/print.go:620.2,620.14 1 20
fmt/print.go:601.2,601.16 0 18
fmt/print.go:603.2,604.18 1 3
fmt/print.go:606.2,608.9 2 3
fmt/print.go:613.2,614.22 1 20
fmt/print.go:615.2,617.9 2 1
fmt/print.go:620.14,625.13 5 3
fmt/print.go:630.3,630.13 1 3
fmt/print.go:625.13,627.4 1 0
fmt/print.go:627.5,629.4 1 3
fmt/print.go:631.4,631.34 1 17
fmt/print.go:631.34,633.3 1 3
fmt/print.go:633.4,634.14 1 14
fmt/print.go:634.14,636.4 1 11
fmt/print.go:636.5,638.4 1 3
fmt/print.go:647.53,648.34 1 57
fmt/print.go:648.34,652.70 1 9
fmt/print.go:658.3,658.18 1 6
fmt/print.go:662.3,668.23 7 6
fmt/print.go:652.70,655.4 2 3
fmt/print.go:658.18,661.4 1 0
fmt/print.go:672.97,673.16 1 309
fmt/print.go:677.2,677.44 1 305
fmt/print.go:685.2,685.10 1 284
fmt/print.go:690.2,690.14 1 284
fmt/print.go:727.2,728.8 2 248
fmt/print.go:673.16,675.3 1 4
fmt/print.go:677.44,683.3 5 21
fmt/print.go:685.10,687.3 1 21
fmt/print.go:690.14,692.45 2 65
fmt/print.go:692.45,699.4 5 5
fmt/print.go:700.4,704.15 1 219
fmt/print.go:705.3,710.29 1 204
fmt/print.go:711.4,716.11 5 3
fmt/print.go:718.4,723.11 5 28
fmt/print.go:731.100,735.16 3 5439
fmt/print.go:746.2,746.14 1 5437
fmt/print.go:759.2,761.10 3 5430
fmt/print.go:764.2,764.14 1 5437
fmt/print.go:769.2,769.25 1 5444
fmt/print.go:819.2,820.8 2 5296
fmt/print.go:735.16,736.33 1 9
fmt/print.go:741.3,741.15 1 9
fmt/print.go:736.33,738.4 1 5
fmt/print.go:738.5,740.4 1 4
fmt/print.go:747.2,749.15 2 4
fmt/print.go:750.2,752.15 2 10
fmt/print.go:761.10,763.3 1 7
fmt/print.go:764.14,766.3 1 36
fmt/print.go:770.2,771.21 1 2
fmt/print.go:772.2,773.24 1 107
fmt/print.go:774.2,775.24 1 105
fmt/print.go:776.2,777.26 1 3
fmt/print.go:778.2,779.27 1 20
fmt/print.go:780.2,781.29 1 2333
fmt/print.go:782.2,783.29 1 1
fmt/print.go:784.2,785.29 1 1
fmt/print.go:786.2,787.29 1 24
fmt/print.go:788.2,789.22 1 356
fmt/print.go:790.2,791.41 1 3
fmt/print.go:792.2,793.41 1 37
fmt/print.go:794.2,795.41 1 711
fmt/print.go:796.2,797.41 1 1073
fmt/print.go:798.2,799.33 1 8
fmt/print.go:800.2,801.41 1 1
fmt/print.go:802.2,804.41 2 648
fmt/print.go:805.2,807.26 2 14
fmt/print.go:808.2,813.81 3 155
fmt/print.go:817.3,817.80 1 103
fmt/print.go:813.81,815.4 1 52
fmt/print.go:824.106,825.22 1 156
fmt/print.go:836.2,836.14 1 154
fmt/print.go:847.2,848.26 2 154
fmt/print.go:851.2,851.80 1 154
fmt/print.go:855.2,855.64 1 149
fmt/print.go:825.22,826.33 1 2
fmt/print.go:831.3,831.15 1 2
fmt/print.go:826.33,828.4 1 2
fmt/print.go:828.5,830.4 1 0
fmt/print.go:837.2,839.15 2 0
fmt/print.go:840.2,842.15 2 0
fmt/print.go:848.26,850.3 1 126
fmt/print.go:851.80,853.3 1 5
fmt/print.go:860.113,864.30 3 252
fmt/print.go:1018.2,1019.18 2 252
fmt/print.go:865.2,866.28 1 6
fmt/print.go:867.2,868.28 1 80
fmt/print.go:869.2,870.40 1 9
fmt/print.go:871.2,872.27 1 10
fmt/print.go:877.2,878.27 1 8
fmt/print.go:883.2,884.42 1 34
fmt/print.go:885.2,886.15 1 10
fmt/print.go:896.3,897.28 2 9
fmt/print.go:909.3,909.15 1 9
fmt/print.go:914.2,915.15 1 13
fmt/print.go:918.3,921.37 4 13
fmt/print.go:937.3,937.23 1 13
fmt/print.go:938.2,940.23 2 25
fmt/print.go:950.2,952.58 1 35
fmt/print.go:971.3,971.15 1 24
fmt/print.go:981.3,981.32 1 23
fmt/print.go:991.3,991.15 1 23
fmt/print.go:996.2,1000.27 2 20
fmt/print.go:1012.3,1012.14 1 12
fmt/print.go:1013.2,1014.38 1 14
fmt/print.go:1015.2,1016.19 1 0
fmt/print.go:872.27,874.4 1 1
fmt/print.go:874.5,876.4 1 9
fmt/print.go:878.27,880.4 1 4
fmt/print.go:880.5,882.4 1 4
fmt/print.go:886.15,888.17 2 4
fmt/print.go:892.4,892.24 1 3
fmt/print.go:888.17,890.10 2 1
fmt/print.go:893.5,895.4 1 6
fmt/print.go:897.28,898.13 1 10
fmt/print.go:905.4,907.64 3 10
fmt/print.go:898.13,899.17 1 5
fmt/print.go:899.17,901.6 1 0
fmt/print.go:901.7,903.6 1 5
fmt/print.go:909.15,911.4 1 3
fmt/print.go:911.5,913.4 1 6
fmt/print.go:915.15,917.4 1 4
fmt/print.go:921.37,922.13 1 31
fmt/print.go:929.4,929.24 1 31
fmt/print.go:935.4,935.63 1 31
fmt/print.go:922.13,923.17 1 19
fmt/print.go:923.17,925.6 1 5
fmt/print.go:925.7,927.6 1 14
fmt/print.go:929.24,930.38 1 24
fmt/print.go:930.38,933.6 2 24
fmt/print.go:940.23,941.16 1 7
fmt/print.go:941.16,944.5 2 3
fmt/print.go:944.6,946.5 1 4
fmt/print.go:947.5,949.4 1 18
fmt/print.go:952.58,954.33 2 11
fmt/print.go:967.4,969.9 3 11
fmt/print.go:954.33,956.5 1 8
fmt/print.go:956.6,956.26 1 3
fmt/print.go:956.26,958.5 1 1
fmt/print.go:958.6,963.26 2 2
fmt/print.go:963.26,965.6 1 10
fmt/print.go:971.15,973.46 2 8
fmt/print.go:977.4,977.24 1 7
fmt/print.go:973.46,975.10 2 1
fmt/print.go:978.5,980.4 1 16
fmt/print.go:981.32,982.13 1 79
fmt/print.go:989.4,989.59 1 79
fmt/print.go:982.13,983.17 1 57
fmt/print.go:983.17,985.6 1 16
fmt/print.go:985.7,987.6 1 41
fmt/print.go:991.15,993.4 1 7
fmt/print.go:993.5,995.4 1 16
fmt/print.go:1000.27,1001.35 1 15
fmt/print.go:1002.4,1005.20 3 8
fmt/print.go:1006.4,1009.20 3 0
fmt/print.go:1023.83,1025.21 2 20
fmt/print.go:1029.2,1029.8 1 20
fmt/print.go:1025.21,1028.3 2 20
fmt/print.go:1038.66,1040.35 1 32
fmt/print.go:1049.2,1049.20 1 1
fmt/print.go:1040.35,1041.23 1 64
fmt/print.go:1041.23,1043.24 2 31
fmt/print.go:1046.4,1046.33 1 29
fmt/print.go:1043.24,1045.5 1 2
fmt/print.go:1055.105,1056.42 1 12595
fmt/print.go:1059.2,1061.41 3 32
fmt/print.go:1064.2,1065.30 2 9
fmt/print.go:1056.42,1058.3 1 12605
fmt/print.go:1061.41,1063.3 1 23
fmt/print.go:1068.55,1073.23 5 3362
fmt/print.go:1188.2,1188.37 1 3363
fmt/print.go:1073.23,1076.35 3 6926
fmt/print.go:1079.3,1079.16 1 6934
fmt/print.go:1082.3,1082.15 1 6942
fmt/print.go:1088.3,1093.22 3 6317
fmt/print.go:1111.3,1114.34 2 6324
fmt/print.go:1129.3,1129.36 1 6331
fmt/print.go:1151.3,1151.18 1 6338
fmt/print.go:1155.3,1155.15 1 6345
fmt/print.go:1159.3,1162.15 3 6347
fmt/print.go:1166.3,1166.20 1 6353
fmt/print.go:1177.3,1182.40 5 6349
fmt/print.go:1076.35,1078.4 1 6176
fmt/print.go:1079.16,1081.4 1 5534
fmt/print.go:1082.15,1084.9 1 643
fmt/print.go:1093.22,1094.21 1 6526
fmt/print.go:1095.4,1096.23 1 55
fmt/print.go:1097.4,1098.22 1 14
fmt/print.go:1099.4,1100.22 1 29
fmt/print.go:1101.4,1102.23 1 22
fmt/print.go:1103.4,1104.23 1 13
fmt/print.go:1105.4,1106.12 1 6435
fmt/print.go:1114.34,1117.25 3 14
fmt/print.go:1120.4,1120.22 1 14
fmt/print.go:1117.25,1119.5 1 2
fmt/print.go:1121.5,1123.38 2 6450
fmt/print.go:1123.38,1125.5 1 1
fmt/print.go:1129.36,1131.18 2 119
fmt/print.go:1134.4,1135.24 2 119
fmt/print.go:1131.18,1133.5 1 1
fmt/print.go:1135.24,1138.27 3 6
fmt/print.go:1141.5,1141.23 1 6
fmt/print.go:1138.27,1140.6 1 1
fmt/print.go:1142.6,1144.27 2 113
fmt/print.go:1144.27,1147.6 2 5
fmt/print.go:1151.18,1153.4 1 6516
fmt/print.go:1155.15,1157.12 2 5
fmt/print.go:1162.15,1164.12 2 1
fmt/print.go:1166.20,1170.12 4 10
fmt/print.go:1171.5,1171.30 1 6546
fmt/print.go:1171.30,1175.12 4 1
fmt/print.go:1188.37,1190.35 2 4
fmt/print.go:1201.3,1201.23 1 4
fmt/print.go:1190.35,1192.18 2 4
fmt/print.go:1196.4,1197.25 2 4
fmt/print.go:1192.18,1195.5 2 4
fmt/print.go:1197.25,1199.5 1 0
fmt/print.go:1205.66,1207.45 2 9
fmt/print.go:1219.2,1219.16 1 9
fmt/print.go:1207.45,1211.17 3 22
fmt/print.go:1217.3,1217.53 1 22
fmt/print.go:1211.17,1213.44 2 13
fmt/print.go:1213.44,1215.5 1 8
fmt/print.go:1219.16,1221.3 1 3
fmt/scan.go:70.48,72.2 1 0
fmt/scan.go:76.50,78.2 1 0
fmt/scan.go:83.64,85.2 1 0
fmt/scan.go:89.58,92.12 3 641
fmt/scan.go:95.2,95.8 1 641
fmt/scan.go:92.12,94.3 1 52
fmt/scan.go:102.61,104.2 1 18
fmt/scan.go:108.63,110.2 1 2
fmt/scan.go:115.77,117.2 1 104
fmt/scan.go:123.62,128.2 4 1782
fmt/scan.go:132.64,137.2 4 149
fmt/scan.go:142.78,147.2 4 946
fmt/scan.go:182.50,184.2 1 0
fmt/scan.go:186.55,187.21 1 19721
fmt/scan.go:195.2,195.73 1 18439
fmt/scan.go:200.2,201.16 2 18362
fmt/scan.go:207.2,207.8 1 18362
fmt/scan.go:187.21,194.3 6 1282
fmt/scan.go:195.73,198.3 2 77
fmt/scan.go:201.16,204.3 2 18286
fmt/scan.go:204.4,204.26 1 76
fmt/scan.go:204.26,206.3 1 76
fmt/scan.go:210.41,211.25 1 0
fmt/scan.go:214.2,214.23 1 0
fmt/scan.go:211.25,213.3 1 0
fmt/scan.go:219.33,221.16 2 19700
fmt/scan.go:227.2,227.8 1 19548
fmt/scan.go:221.16,222.20 1 152
fmt/scan.go:225.3,225.15 1 0
fmt/scan.go:222.20,224.4 1 152
fmt/scan.go:233.38,235.14 2 950
fmt/scan.go:238.2,238.8 1 949
fmt/scan.go:235.14,237.3 1 1
fmt/scan.go:241.33,242.38 1 12076
fmt/scan.go:247.2,249.12 3 12076
fmt/scan.go:242.38,244.3 1 10678
fmt/scan.go:244.4,246.3 1 1398
fmt/scan.go:252.31,254.2 1 7
fmt/scan.go:256.38,258.2 1 19
fmt/scan.go:260.79,261.15 1 16
fmt/scan.go:270.2,270.14 1 16
fmt/scan.go:273.2,275.8 3 16
fmt/scan.go:261.15,262.31 1 16
fmt/scan.go:262.31,263.35 1 0
fmt/scan.go:263.35,265.5 1 0
fmt/scan.go:265.6,267.5 1 0
fmt/scan.go:270.14,272.3 1 6
fmt/scan.go:294.27,295.16 1 1117443
fmt/scan.go:298.2,299.28 2 68867
fmt/scan.go:307.2,307.14 1 53253
fmt/scan.go:295.16,297.3 1 1048576
fmt/scan.go:299.28,300.18 1 685517
fmt/scan.go:303.3,303.19 1 670087
fmt/scan.go:300.18,302.4 1 15430
fmt/scan.go:303.19,305.4 1 184
fmt/scan.go:311.28,313.2 1 210
fmt/scan.go:318.26,320.2 1 0
fmt/scan.go:334.51,335.19 1 1437
fmt/scan.go:341.2,342.12 2 1436
fmt/scan.go:345.2,345.26 1 1372
fmt/scan.go:335.19,340.3 4 1
fmt/scan.go:342.12,344.3 1 64
fmt/scan.go:349.39,352.2 2 1
fmt/scan.go:356.62,358.16 2 1427
fmt/scan.go:361.2,361.30 1 1364
fmt/scan.go:365.2,366.45 2 7
fmt/scan.go:376.2,377.14 2 7
fmt/scan.go:380.2,380.8 1 7
fmt/scan.go:358.16,360.3 1 63
fmt/scan.go:361.30,364.3 2 1357
fmt/scan.go:366.45,368.17 2 10
fmt/scan.go:368.17,369.21 1 1
fmt/scan.go:373.4,373.10 1 0
fmt/scan.go:369.21,371.10 2 1
fmt/scan.go:377.14,379.3 1 1
fmt/scan.go:383.42,383.60 1 1
fmt/scan.go:386.76,390.8 2 2877
fmt/scan.go:398.2,399.37 2 1271
fmt/scan.go:404.2,414.8 11 1271
fmt/scan.go:390.8,396.3 5 1606
fmt/scan.go:399.37,401.3 1 980
fmt/scan.go:401.4,403.3 1 291
fmt/scan.go:418.30,420.19 1 2877
fmt/scan.go:425.2,425.23 1 1271
fmt/scan.go:428.2,430.15 3 1271
fmt/scan.go:420.19,423.3 2 1606
fmt/scan.go:425.23,427.3 1 0
fmt/scan.go:434.44,435.6 1 2163
fmt/scan.go:435.6,437.15 2 2255
fmt/scan.go:440.3,440.32 1 2214
fmt/scan.go:443.3,443.16 1 2214
fmt/scan.go:453.3,453.18 1 2212
fmt/scan.go:437.15,439.4 1 41
fmt/scan.go:440.32,441.12 1 0
fmt/scan.go:443.16,444.21 1 2
fmt/scan.go:447.4,447.19 1 1
fmt/scan.go:450.4,451.10 2 1
fmt/scan.go:444.21,445.10 1 1
fmt/scan.go:447.19,448.13 1 0
fmt/scan.go:453.18,455.9 2 2120
fmt/scan.go:463.62,464.15 1 55
fmt/scan.go:468.2,468.6 1 55
fmt/scan.go:479.2,479.14 1 55
fmt/scan.go:464.15,466.3 1 55
fmt/scan.go:468.6,470.15 2 269
fmt/scan.go:473.3,473.12 1 248
fmt/scan.go:477.3,477.21 1 214
fmt/scan.go:470.15,471.9 1 21
fmt/scan.go:473.12,475.9 2 34
fmt/scan.go:485.38,486.22 1 12085
fmt/scan.go:491.2,491.11 1 6022
fmt/scan.go:486.22,487.13 1 56054
fmt/scan.go:487.13,489.4 1 6063
fmt/scan.go:496.51,498.14 2 10143
fmt/scan.go:501.2,501.27 1 10104
fmt/scan.go:507.2,507.24 1 4114
fmt/scan.go:510.2,510.14 1 4114
fmt/scan.go:498.14,500.3 1 39
fmt/scan.go:501.27,502.13 1 5990
fmt/scan.go:505.3,505.14 1 5990
fmt/scan.go:502.13,504.4 1 5973
fmt/scan.go:507.24,509.3 1 4114
fmt/scan.go:514.35,516.14 2 1874
fmt/scan.go:519.2,519.30 1 1874
fmt/scan.go:516.14,518.3 1 1872
fmt/scan.go:522.23,524.32 1 3973
fmt/scan.go:527.2,527.16 1 3932
fmt/scan.go:524.32,526.3 1 41
fmt/scan.go:532.37,534.2 1 10126
fmt/scan.go:537.58,538.28 1 2075
fmt/scan.go:543.2,544.14 2 2
fmt/scan.go:538.28,539.16 1 13877
fmt/scan.go:539.16,541.4 1 2073
fmt/scan.go:548.39,551.38 3 26
fmt/scan.go:555.2,555.21 1 22
fmt/scan.go:571.2,571.14 1 0
fmt/scan.go:551.38,553.3 1 0
fmt/scan.go:556.2,557.15 1 0
fmt/scan.go:558.2,559.14 1 0
fmt/scan.go:560.2,561.61 1 10
fmt/scan.go:564.3,564.14 1 10
fmt/scan.go:565.2,566.80 1 12
fmt/scan.go:569.3,569.15 1 12
fmt/scan.go:561.61,563.4 1 0
fmt/scan.go:566.80,568.4 1 0
fmt/scan.go:586.59,590.14 4 1897
fmt/scan.go:601.2,601.8 1 1895
fmt/scan.go:591.2,593.24 2 2
fmt/scan.go:594.2,596.23 2 4
fmt/scan.go:597.2,599.29 2 7
fmt/scan.go:605.64,606.17 1 1895
fmt/scan.go:612.2,612.23 1 1895
fmt/scan.go:614.2,614.22 1 1895
fmt/scan.go:606.17,608.24 2 1851
fmt/scan.go:608.24,610.4 1 0
fmt/scan.go:612.23,613.3 0 3502
fmt/scan.go:618.42,623.12 5 18
fmt/scan.go:626.2,626.10 1 16
fmt/scan.go:623.12,625.3 1 2
fmt/scan.go:632.69,633.18 1 1830
fmt/scan.go:636.2,640.18 4 44
fmt/scan.go:644.2,644.8 1 44
fmt/scan.go:633.18,635.3 1 1786
fmt/scan.go:640.18,643.3 2 13
fmt/scan.go:649.52,650.17 1 1831
fmt/scan.go:653.2,657.17 5 1813
fmt/scan.go:667.2,669.16 3 1801
fmt/scan.go:672.2,674.12 3 1801
fmt/scan.go:677.2,677.10 1 1797
fmt/scan.go:650.17,652.3 1 18
fmt/scan.go:657.17,658.55 1 1
fmt/scan.go:658.55,660.4 1 0
fmt/scan.go:661.4,663.18 2 1800
fmt/scan.go:663.18,665.4 1 1753
fmt/scan.go:669.16,671.3 1 0
fmt/scan.go:674.12,676.3 1 4
fmt/scan.go:682.54,683.17 1 98
fmt/scan.go:686.2,690.17 5 98
fmt/scan.go:697.2,699.16 3 94
fmt/scan.go:702.2,704.12 3 94
fmt/scan.go:707.2,707.10 1 92
fmt/scan.go:683.17,685.3 1 0
fmt/scan.go:690.17,691.55 1 1
fmt/scan.go:691.55,693.4 1 0
fmt/scan.go:694.4,694.24 1 93
fmt/scan.go:694.24,696.3 1 77
fmt/scan.go:699.16,701.3 1 0
fmt/scan.go:704.12,706.3 1 2
fmt/scan.go:713.34,716.56 2 108
fmt/scan.go:720.2,722.56 2 99
fmt/scan.go:726.2,726.30 1 72
fmt/scan.go:729.2,729.22 1 72
fmt/scan.go:735.2,735.24 1 72
fmt/scan.go:742.2,742.22 1 72
fmt/scan.go:716.56,718.3 1 9
fmt/scan.go:722.56,724.3 1 27
fmt/scan.go:726.30,727.3 0 73
fmt/scan.go:729.22,731.31 1 44
fmt/scan.go:731.31,732.4 0 51
fmt/scan.go:735.24,739.31 2 49
fmt/scan.go:739.31,740.4 0 67
fmt/scan.go:748.50,754.21 4 19
fmt/scan.go:758.2,760.20 3 19
fmt/scan.go:763.2,763.30 1 19
fmt/scan.go:766.2,766.30 1 19
fmt/scan.go:754.21,756.3 1 0
fmt/scan.go:760.20,762.3 1 0
fmt/scan.go:763.30,765.3 1 0
fmt/scan.go:770.54,771.38 1 107
fmt/scan.go:792.2,793.16 2 91
fmt/scan.go:796.2,796.10 1 86
fmt/scan.go:771.38,775.17 2 16
fmt/scan.go:782.3,783.17 2 16
fmt/scan.go:790.3,790.26 1 16
fmt/scan.go:775.17,777.44 1 0
fmt/scan.go:780.4,780.16 1 0
fmt/scan.go:777.44,779.5 1 0
fmt/scan.go:783.17,785.44 1 0
fmt/scan.go:788.4,788.16 1 0
fmt/scan.go:785.44,787.5 1 0
fmt/scan.go:793.16,795.3 1 5
fmt/scan.go:803.55,804.44 1 23
fmt/scan.go:807.2,812.28 6 23
fmt/scan.go:804.44,806.3 1 0
fmt/scan.go:817.52,818.39 1 63
fmt/scan.go:821.2,823.14 3 63
fmt/scan.go:831.2,831.8 1 47
fmt/scan.go:818.39,820.3 1 0
fmt/scan.go:824.2,825.25 1 6
fmt/scan.go:826.2,827.22 1 2
fmt/scan.go:828.2,829.40 1 39
fmt/scan.go:835.36,838.15 3 6
fmt/scan.go:872.2,872.11 1 0
fmt/scan.go:839.2,841.7 1 2
fmt/scan.go:848.3,848.23 1 2
fmt/scan.go:849.2,852.7 2 4
fmt/scan.go:864.3,865.17 2 4
fmt/scan.go:868.3,868.16 1 4
fmt/scan.go:869.2,870.42 1 0
fmt/scan.go:841.7,843.18 2 35
fmt/scan.go:846.4,846.22 1 33
fmt/scan.go:843.18,844.10 1 2
fmt/scan.go:852.7,855.17 3 57
fmt/scan.go:855.17,860.5 1 8
fmt/scan.go:860.6,860.23 1 49
fmt/scan.go:860.23,861.10 1 4
fmt/scan.go:865.17,867.4 1 0
fmt/scan.go:876.35,878.15 2 32
fmt/scan.go:886.2,887.10 2 0
fmt/scan.go:879.2,880.21 1 29
fmt/scan.go:881.2,882.26 1 3
fmt/scan.go:883.2,884.26 1 0
fmt/scan.go:892.42,894.18 2 18
fmt/scan.go:897.2,897.20 1 18
fmt/scan.go:901.2,902.61 2 16
fmt/scan.go:894.18,896.3 1 0
fmt/scan.go:897.20,900.3 2 2
fmt/scan.go:906.33,908.6 2 2
fmt/scan.go:915.2,915.21 1 2
fmt/scan.go:919.2,919.22 1 2
fmt/scan.go:908.6,910.10 2 18
fmt/scan.go:913.3,913.21 1 16
fmt/scan.go:910.10,911.9 1 2
fmt/scan.go:915.21,918.3 2 0
fmt/scan.go:927.50,931.32 3 2935
fmt/scan.go:942.2,942.25 1 2116
fmt/scan.go:931.32,933.17 2 819
fmt/scan.go:939.3,939.9 1 818
fmt/scan.go:933.17,934.21 1 1
fmt/scan.go:937.4,937.16 1 1
fmt/scan.go:934.21,936.5 1 1
fmt/scan.go:943.2,944.24 1 14
fmt/scan.go:945.2,946.42 1 8
fmt/scan.go:947.2,948.32 1 11
fmt/scan.go:949.2,950.37 1 1705
fmt/scan.go:951.2,952.32 1 29
fmt/scan.go:953.2,954.34 1 19
fmt/scan.go:955.2,956.34 1 28
fmt/scan.go:957.2,958.27 1 17
fmt/scan.go:959.2,960.39 1 30
fmt/scan.go:961.2,962.34 1 14
fmt/scan.go:963.2,964.36 1 6
fmt/scan.go:965.2,966.36 1 6
fmt/scan.go:967.2,968.28 1 5
fmt/scan.go:969.2,970.46 1 0
fmt/scan.go:973.2,974.44 1 19
fmt/scan.go:979.2,980.44 1 51
fmt/scan.go:985.2,986.29 1 39
fmt/scan.go:987.2,990.37 1 10
fmt/scan.go:991.2,994.32 3 105
fmt/scan.go:998.3,998.36 1 104
fmt/scan.go:974.44,978.4 3 19
fmt/scan.go:980.44,984.4 3 51
fmt/scan.go:994.32,997.4 2 1
fmt/scan.go:999.3,1000.31 1 12
fmt/scan.go:1001.3,1002.46 1 33
fmt/scan.go:1003.3,1004.48 1 37
fmt/scan.go:1005.3,1006.38 1 7
fmt/scan.go:1007.3,1010.42 2 7
fmt/scan.go:1013.4,1015.34 3 7
fmt/scan.go:1018.3,1021.63 3 4
fmt/scan.go:1022.3,1023.54 1 4
fmt/scan.go:1024.3,1025.60 1 0
fmt/scan.go:1010.42,1012.5 1 0
fmt/scan.go:1015.34,1017.5 1 16
fmt/scan.go:1031.32,1032.30 1 2877
fmt/scan.go:1032.30,1033.34 1 67
fmt/scan.go:1033.34,1035.4 1 26
fmt/scan.go:1035.5,1035.55 1 41
fmt/scan.go:1035.55,1037.4 1 41
fmt/scan.go:1037.5,1039.4 1 0
fmt/scan.go:1044.68,1046.24 2 1931
fmt/scan.go:1051.2,1051.18 1 1911
fmt/scan.go:1063.2,1063.8 1 1910
fmt/scan.go:1046.24,1049.3 2 1961
fmt/scan.go:1051.18,1052.7 1 146
fmt/scan.go:1052.7,1054.29 2 153
fmt/scan.go:1057.4,1057.19 1 8
fmt/scan.go:1054.29,1055.10 1 145
fmt/scan.go:1057.19,1059.10 2 1
fmt/scan.go:1073.45,1074.22 1 1803
fmt/scan.go:1112.2,1112.8 1 3
fmt/scan.go:1074.22,1076.18 2 2642
fmt/scan.go:1084.3,1085.40 2 853
fmt/scan.go:1090.3,1090.15 1 853
fmt/scan.go:1105.3,1106.21 2 834
fmt/scan.go:1110.3,1110.9 1 831
fmt/scan.go:1076.18,1079.20 2 1791
fmt/scan.go:1082.4,1082.10 1 2
fmt/scan.go:1079.20,1081.5 1 1789
fmt/scan.go:1085.40,1089.4 3 19
fmt/scan.go:1090.15,1094.39 2 19
fmt/scan.go:1098.4,1098.24 1 11
fmt/scan.go:1102.4,1103.12 2 11
fmt/scan.go:1094.39,1097.5 1 8
fmt/scan.go:1098.24,1101.5 1 0
fmt/scan.go:1106.21,1109.4 2 2
fmt/scan.go:1117.84,1121.24 3 946
fmt/scan.go:1162.2,1162.27 1 902
fmt/scan.go:1165.2,1165.8 1 900
fmt/scan.go:1121.24,1123.12 2 1803
fmt/scan.go:1128.3,1128.23 1 978
fmt/scan.go:1136.3,1141.18 4 976
fmt/scan.go:1144.3,1145.46 2 976
fmt/scan.go:1149.3,1152.29 3 976
fmt/scan.go:1156.3,1160.23 4 974
fmt/scan.go:1123.12,1125.12 2 824
fmt/scan.go:1128.23,1130.13 1 2
fmt/scan.go:1134.4,1134.9 1 0
fmt/scan.go:1130.13,1132.5 1 2
fmt/scan.go:1141.18,1143.4 1 953
fmt/scan.go:1145.46,1147.4 1 23
fmt/scan.go:1152.29,1154.9 2 2
fmt/scan.go:1162.27,1164.3 1 2
